2023-04-27 18:08:41.307714 Executing buying and selling process...
2023-04-27 18:08:42.023875 Account Balance USDT:: 9051.08676167
2023-04-27 18:08:42.526059 Current BTCUSDT Price :: 28698.74
2023-04-27 18:08:42.530558  Going to Buy order  :: 28000
2023-04-27 18:08:43.139461 Buy Order response  :: {'symbol': 'BTCUSDT', 'orderId': 11814624, 'orderListId': -1, 'clientOrderId': 'cnhnAmmcoJaxAdRaYzxfi1', 'transactTime': 1682599124584, 'price': '28000.00000000', 'origQty': '0.01800000', 'executedQty': '0.00000000', 'cummulativeQuoteQty': '0.00000000', 'status': 'NEW', 'timeInForce': 'GTC', 'type': 'LIMIT', 'side': 'BUY', 'workingTime': 1682599124584, 'fills': [], 'selfTradePreventionMode': 'NONE'}
2023-04-27 18:08:43.142058  BTC,Buying price:28000,Quantity:0.018, Order Buy  success :: OrderId:11814624 Status:NEW
2023-04-27 18:08:43.143897 Daily Quota updated:: remaining quota is 6500
2023-04-27 18:08:44.145905 Process Done...
2023-04-27 18:08:45.149790  Going to Buy order  :: 25200
2023-04-27 18:08:45.699943 Buy Order response  :: {'symbol': 'BTCUSDT', 'orderId': 11814645, 'orderListId': -1, 'clientOrderId': 'abain21lgjakWrKQrXFemb', 'transactTime': 1682599127189, 'price': '25200.00000000', 'origQty': '0.02000000', 'executedQty': '0.00000000', 'cummulativeQuoteQty': '0.00000000', 'status': 'NEW', 'timeInForce': 'GTC', 'type': 'LIMIT', 'side': 'BUY', 'workingTime': 1682599127189, 'fills': [], 'selfTradePreventionMode': 'NONE'}
2023-04-27 18:08:45.701959  BTC,Buying price:25200,Quantity:0.02, Order Buy  success :: OrderId:11814645 Status:NEW
2023-04-27 18:08:45.703331 Daily Quota updated:: remaining quota is 6000
2023-04-27 18:08:46.705471 Process Done...
2023-04-27 18:08:47.707024  Going to Buy order  :: 22680
2023-04-27 18:08:47.969678 Buy Order response  :: {'symbol': 'BTCUSDT', 'orderId': 11814676, 'orderListId': -1, 'clientOrderId': 'AA9TjGMLMImro7ByG4zTTc', 'transactTime': 1682599129504, 'price': '22680.00000000', 'origQty': '0.02200000', 'executedQty': '0.00000000', 'cummulativeQuoteQty': '0.00000000', 'status': 'NEW', 'timeInForce': 'GTC', 'type': 'LIMIT', 'side': 'BUY', 'workingTime': 1682599129504, 'fills': [], 'selfTradePreventionMode': 'NONE'}
2023-04-27 18:08:47.971680  BTC,Buying price:22680,Quantity:0.022, Order Buy  success :: OrderId:11814676 Status:NEW
2023-04-27 18:08:47.973682 Daily Quota updated:: remaining quota is 5500
2023-04-27 18:08:48.975148 Process Done...
2023-04-27 18:08:50.204023 Remaining  Balance USDT:: 7544.12676167
2023-04-27 18:08:56.206249 Executing buying and selling process...
2023-04-27 18:08:56.759509 Account Balance USDT:: 7544.12676167
2023-04-27 18:08:57.271474 Current BTCUSDT Price :: 28721.29
2023-04-27 18:08:57.580145 buying status for order id: 11814624 is in progress. Current status is NEW
2023-04-27 18:08:58.582503 Process Done...
2023-04-27 18:08:59.809365 buying status for order id: 11814645 is in progress. Current status is NEW
2023-04-27 18:09:00.811728 Process Done...
2023-04-27 18:09:02.396836 buying status for order id: 11814676 is in progress. Current status is NEW
2023-04-27 18:09:03.398594 Process Done...
2023-04-27 18:09:04.609199 Remaining  Balance USDT:: 7544.12676167
2023-04-27 18:09:10.611413 Executing buying and selling process...
2023-04-27 18:09:11.405710 Account Balance USDT:: 7544.12676167
2023-04-27 18:09:11.710806 Current BTCUSDT Price :: 28738.14
2023-04-27 18:09:12.222820 buying status for order id: 11814624 is in progress. Current status is NEW
2023-04-27 18:09:13.224963 Process Done...
2023-04-27 18:09:14.435860 buying status for order id: 11814645 is in progress. Current status is NEW
2023-04-27 18:09:15.437771 Process Done...
2023-04-27 18:09:17.038122 buying status for order id: 11814676 is in progress. Current status is NEW
2023-04-27 18:09:18.041700 Process Done...
2023-04-27 18:09:19.598908 Remaining  Balance USDT:: 7544.12676167
2023-04-27 18:09:25.601712 Executing buying and selling process...
2023-04-27 18:09:26.255241 Account Balance USDT:: 7544.12676167
2023-04-27 18:09:26.464416 Current BTCUSDT Price :: 28687.67
2023-04-27 18:09:26.966794 buying status for order id: 11814624 is in progress. Current status is NEW
2023-04-27 18:09:27.969293 Process Done...
2023-04-27 18:09:29.480818 buying status for order id: 11814645 is in progress. Current status is NEW
2023-04-27 18:09:30.482776 Process Done...
2023-04-27 18:09:32.088987 buying status for order id: 11814676 is in progress. Current status is NEW
2023-04-27 18:09:33.090920 Process Done...
2023-04-27 18:09:34.650973 Remaining  Balance USDT:: 7544.12676167
2023-04-27 18:09:40.653695 Executing buying and selling process...
2023-04-27 18:09:41.302159 Account Balance USDT:: 7544.12676167
2023-04-27 18:09:41.818465 Current BTCUSDT Price :: 28704.3
2023-04-27 18:09:42.038440 buying status for order id: 11814624 is in progress. Current status is NEW
2023-04-27 18:09:43.040639 Process Done...
2023-04-27 18:09:44.374745 buying status for order id: 11814645 is in progress. Current status is NEW
2023-04-27 18:09:45.377072 Process Done...
2023-04-27 18:09:46.639183 buying status for order id: 11814676 is in progress. Current status is NEW
2023-04-27 18:09:47.641005 Process Done...
2023-04-27 18:09:49.188138 Remaining  Balance USDT:: 7544.12676167
2023-04-27 18:14:17.764622 Executing buying and selling process...
2023-04-27 18:14:18.402026 Account Balance USDT:: 7544.12676167
2023-04-27 18:14:19.015168 Current BTCUSDT Price :: 28783.75
2023-04-27 18:14:19.223267 buying status for order id: 11814624 is in progress. Current status is NEW
2023-04-27 18:14:20.224761 Process Done...
2023-04-27 18:14:21.472162 buying status for order id: 11814645 is in progress. Current status is NEW
2023-04-27 18:14:22.473546 Process Done...
2023-04-27 18:14:23.712996 buying status for order id: 11814676 is in progress. Current status is NEW
2023-04-27 18:14:24.714490 Process Done...
2023-04-27 18:14:26.592279 Remaining  Balance USDT:: 7544.12676167
2023-04-27 18:14:32.594001 Executing buying and selling process...
2023-04-27 18:14:33.248461 Account Balance USDT:: 7544.12676167
2023-04-27 18:14:33.760534 Current BTCUSDT Price :: 28762.16
2023-04-27 18:14:35.299375 buying status for order id: 11814624 is in progress. Current status is NEW
2023-04-27 18:14:36.302959 Process Done...
2023-04-27 18:14:37.804804 buying status for order id: 11814645 is in progress. Current status is NEW
2023-04-27 18:14:38.807016 Process Done...
2023-04-27 18:14:40.110775 buying status for order id: 11814676 is in progress. Current status is NEW
2023-04-27 18:14:41.112916 Process Done...
2023-04-27 18:14:42.668843 Remaining  Balance USDT:: 7544.12676167
2023-04-27 18:14:48.671386 Executing buying and selling process...
2023-04-27 18:14:49.211667 Account Balance USDT:: 7544.12676167
2023-04-27 18:14:49.737549 Current BTCUSDT Price :: 28756.97
2023-04-27 18:14:50.045728 buying status for order id: 11814624 is in progress. Current status is NEW
2023-04-27 18:14:51.047333 Process Done...
2023-04-27 18:14:52.535186 buying status for order id: 11814645 is in progress. Current status is NEW
2023-04-27 18:14:53.537596 Process Done...
2023-04-27 18:14:55.061532 buying status for order id: 11814676 is in progress. Current status is NEW
2023-04-27 18:14:56.063238 Process Done...
2023-04-27 18:14:57.621542 Remaining  Balance USDT:: 7544.12676167
2023-04-27 18:15:03.623802 Executing buying and selling process...
2023-04-27 18:15:04.173422 Account Balance USDT:: 7544.12676167
2023-04-27 18:15:04.686315 Current BTCUSDT Price :: 28762.23
2023-04-27 18:15:05.196957 buying status for order id: 11814624 is in progress. Current status is NEW
2023-04-27 18:15:06.198564 Process Done...
2023-04-27 18:15:07.448893 buying status for order id: 11814645 is in progress. Current status is NEW
2023-04-27 18:15:08.450906 Process Done...
2023-04-27 18:15:09.678332 buying status for order id: 11814676 is in progress. Current status is NEW
2023-04-27 18:15:10.679872 Process Done...
2023-04-27 18:15:12.267041 Remaining  Balance USDT:: 7544.12676167
2023-04-27 18:15:18.269581 Executing buying and selling process...
2023-04-27 18:15:18.821948 Account Balance USDT:: 7544.12676167
2023-04-27 18:15:19.430810 Current BTCUSDT Price :: 28800.73
2023-04-27 18:15:19.637046 buying status for order id: 11814624 is in progress. Current status is NEW
2023-04-27 18:15:20.642094 Process Done...
2023-04-27 18:15:22.198642 buying status for order id: 11814645 is in progress. Current status is NEW
2023-04-27 18:15:23.200895 Process Done...
2023-04-27 18:15:24.453321 buying status for order id: 11814676 is in progress. Current status is NEW
2023-04-27 18:15:25.455807 Process Done...
2023-04-27 18:15:27.008766 Remaining  Balance USDT:: 7544.12676167
2023-04-27 18:18:07.977280 Executing buying and selling process...
2023-04-27 18:18:08.701794 Account Balance USDT:: 7544.12676167
2023-04-27 18:18:09.211381 Current BTCUSDT Price :: 28851.67
2023-04-27 18:18:09.216421  Going to Buy order  :: 28500
2023-04-27 18:18:09.725020 Buy Order response  :: {'symbol': 'BTCUSDT', 'orderId': 11820982, 'orderListId': -1, 'clientOrderId': 'sj3vswNCC63MCtvGh14Ita', 'transactTime': 1682599691239, 'price': '28500.00000000', 'origQty': '0.01800000', 'executedQty': '0.00000000', 'cummulativeQuoteQty': '0.00000000', 'status': 'NEW', 'timeInForce': 'GTC', 'type': 'LIMIT', 'side': 'BUY', 'workingTime': 1682599691239, 'fills': [], 'selfTradePreventionMode': 'NONE'}
2023-04-27 18:18:09.728025  BTC,Buying price:28500,Quantity:0.018, Order Buy  success :: OrderId:11820982 Status:NEW
2023-04-27 18:18:09.730023 Daily Quota updated:: remaining quota is 9500
2023-04-27 18:18:10.731571 Process Done...
2023-04-27 18:18:11.733109  Going to Buy order  :: 25200
2023-04-27 18:18:13.000426 Buy Order response  :: {'symbol': 'BTCUSDT', 'orderId': 11821005, 'orderListId': -1, 'clientOrderId': 'NkgP5Uq3jwkZd9vWKE8O2O', 'transactTime': 1682599694516, 'price': '25200.00000000', 'origQty': '0.02000000', 'executedQty': '0.00000000', 'cummulativeQuoteQty': '0.00000000', 'status': 'NEW', 'timeInForce': 'GTC', 'type': 'LIMIT', 'side': 'BUY', 'workingTime': 1682599694516, 'fills': [], 'selfTradePreventionMode': 'NONE'}
2023-04-27 18:18:13.003430  BTC,Buying price:25200,Quantity:0.02, Order Buy  success :: OrderId:11821005 Status:NEW
2023-04-27 18:18:13.005662 Daily Quota updated:: remaining quota is 9000
2023-04-27 18:18:14.007944 Process Done...
2023-04-27 18:18:15.009893  Going to Buy order  :: 22680
2023-04-27 18:18:15.661638 Buy Order response  :: {'symbol': 'BTCUSDT', 'orderId': 11821030, 'orderListId': -1, 'clientOrderId': 'QR7TN7sz9vjoSo3f2rvffe', 'transactTime': 1682599697130, 'price': '22680.00000000', 'origQty': '0.02200000', 'executedQty': '0.00000000', 'cummulativeQuoteQty': '0.00000000', 'status': 'NEW', 'timeInForce': 'GTC', 'type': 'LIMIT', 'side': 'BUY', 'workingTime': 1682599697130, 'fills': [], 'selfTradePreventionMode': 'NONE'}
2023-04-27 18:18:15.663653  BTC,Buying price:22680,Quantity:0.022, Order Buy  success :: OrderId:11821030 Status:NEW
2023-04-27 18:18:15.665088 Daily Quota updated:: remaining quota is 8500
2023-04-27 18:18:16.666870 Process Done...
2023-04-27 18:18:18.337312 Remaining  Balance USDT:: 6028.16676167
2023-04-27 18:18:24.340634 Executing buying and selling process...
2023-04-27 18:18:24.985710 Account Balance USDT:: 6028.16676167
2023-04-27 18:18:25.294475 Current BTCUSDT Price :: 28848.66
2023-04-27 18:18:25.803287 buying status for order id: 11820982 is in progress. Current status is NEW
2023-04-27 18:18:26.805661 Process Done...
2023-04-27 18:18:28.052024 buying status for order id: 11821005 is in progress. Current status is NEW
2023-04-27 18:18:29.054449 Process Done...
2023-04-27 18:18:30.613335 buying status for order id: 11821030 is in progress. Current status is NEW
2023-04-27 18:18:31.615344 Process Done...
2023-04-27 18:18:32.827217 Remaining  Balance USDT:: 6028.16676167
2023-04-27 18:18:38.829640 Executing buying and selling process...
2023-04-27 18:18:39.418900 Account Balance USDT:: 6028.16676167
2023-04-27 18:18:39.930570 Current BTCUSDT Price :: 28855.6
2023-04-27 18:18:40.144775 buying status for order id: 11820982 is in progress. Current status is NEW
2023-04-27 18:18:41.146316 Process Done...
2023-04-27 18:18:42.695721 buying status for order id: 11821005 is in progress. Current status is NEW
2023-04-27 18:18:43.697190 Process Done...
2023-04-27 18:18:44.915695 buying status for order id: 11821030 is in progress. Current status is NEW
2023-04-27 18:18:45.917552 Process Done...
2023-04-27 18:18:47.124883 Remaining  Balance USDT:: 6028.16676167
2023-04-27 18:18:53.127180 Executing buying and selling process...
2023-04-27 18:18:53.755837 Account Balance USDT:: 6028.16676167
2023-04-27 18:18:54.266229 Current BTCUSDT Price :: 28863.95
2023-04-27 18:18:54.472462 buying status for order id: 11820982 is in progress. Current status is NEW
2023-04-27 18:18:55.474172 Process Done...
2023-04-27 18:18:57.033058 buying status for order id: 11821005 is in progress. Current status is NEW
2023-04-27 18:18:58.035131 Process Done...
2023-04-27 18:18:59.342445 buying status for order id: 11821030 is in progress. Current status is NEW
2023-04-27 18:19:00.344743 Process Done...
2023-04-27 18:19:01.551745 Remaining  Balance USDT:: 6028.16676167
2023-04-27 18:19:07.554195 Executing buying and selling process...
2023-04-27 18:19:08.195276 Account Balance USDT:: 6028.16676167
2023-04-27 18:19:08.704523 Current BTCUSDT Price :: 28864.83
2023-04-27 18:19:09.199845 buying status for order id: 11820982 is in progress. Current status is NEW
2023-04-27 18:19:10.201641 Process Done...
2023-04-27 18:19:11.414911 buying status for order id: 11821005 is in progress. Current status is NEW
2023-04-27 18:19:12.416606 Process Done...
2023-04-27 18:19:13.632666 buying status for order id: 11821030 is in progress. Current status is NEW
2023-04-27 18:19:14.634031 Process Done...
2023-04-27 18:19:15.873155 Remaining  Balance USDT:: 6028.16676167
2023-04-27 18:22:02.381301 Executing buying and selling process...
2023-04-27 18:22:03.094817 Account Balance USDT:: 6028.16676167
2023-04-27 18:22:03.609127 Current BTCUSDT Price :: 28863.45
2023-04-27 18:22:04.221183 buying status for order id: 11820982 is in progress. Current status is NEW
2023-04-27 18:22:05.223638 Process Done...
2023-04-27 18:22:06.780440 buying status for order id: 11821005 is in progress. Current status is NEW
2023-04-27 18:22:07.782235 Process Done...
2023-04-27 18:22:09.341845 buying status for order id: 11821030 is in progress. Current status is NEW
2023-04-27 18:22:10.344157 Process Done...
2023-04-27 18:22:11.594668 Remaining  Balance USDT:: 6028.16676167
2023-04-27 18:22:17.596984 Executing buying and selling process...
2023-04-27 18:22:18.147540 Account Balance USDT:: 6028.16676167
2023-04-27 18:22:18.665104 Current BTCUSDT Price :: 28862.07
2023-04-27 18:22:19.274758 buying status for order id: 11820982 is in progress. Current status is NEW
2023-04-27 18:22:20.276439 Process Done...
2023-04-27 18:22:21.488695 buying status for order id: 11821005 is in progress. Current status is NEW
2023-04-27 18:22:22.489951 Process Done...
2023-04-27 18:22:23.738106 buying status for order id: 11821030 is in progress. Current status is NEW
2023-04-27 18:22:24.739485 Process Done...
2023-04-27 18:22:26.341779 Remaining  Balance USDT:: 6028.16676167
2023-04-27 18:22:32.343363 Executing buying and selling process...
2023-04-27 18:22:32.895117 Account Balance USDT:: 6028.16676167
2023-04-27 18:22:33.405046 Current BTCUSDT Price :: 28856.03
2023-04-27 18:22:33.593007 buying status for order id: 11820982 is in progress. Current status is NEW
2023-04-27 18:22:34.595454 Process Done...
2023-04-27 18:22:36.170738 buying status for order id: 11821005 is in progress. Current status is NEW
2023-04-27 18:22:37.173116 Process Done...
2023-04-27 18:22:38.730211 buying status for order id: 11821030 is in progress. Current status is NEW
2023-04-27 18:22:39.732252 Process Done...
2023-04-27 18:22:41.289746 Remaining  Balance USDT:: 6028.16676167
2023-04-27 18:22:47.291825 Executing buying and selling process...
2023-04-27 18:22:47.844828 Account Balance USDT:: 6028.16676167
2023-04-27 18:22:48.355599 Current BTCUSDT Price :: 28861.33
2023-04-27 18:22:48.567733 buying status for order id: 11820982 is in progress. Current status is NEW
2023-04-27 18:22:49.569733 Process Done...
2023-04-27 18:22:51.119115 buying status for order id: 11821005 is in progress. Current status is NEW
2023-04-27 18:22:52.121280 Process Done...
2023-04-27 18:22:53.682474 buying status for order id: 11821030 is in progress. Current status is NEW
2023-04-27 18:22:54.683738 Process Done...
2023-04-27 18:22:56.239757 Remaining  Balance USDT:: 6028.16676167
2023-04-27 18:23:02.241845 Executing buying and selling process...
2023-04-27 18:23:02.794182 Account Balance USDT:: 6028.16676167
2023-04-27 18:23:03.101524 Current BTCUSDT Price :: 28871.65
2023-04-27 18:23:03.612613 buying status for order id: 11820982 is in progress. Current status is NEW
2023-04-27 18:23:04.614812 Process Done...
2023-04-27 18:23:05.865338 buying status for order id: 11821005 is in progress. Current status is NEW
2023-04-27 18:23:06.867154 Process Done...
2023-04-27 18:23:08.430400 buying status for order id: 11821030 is in progress. Current status is NEW
2023-04-27 18:23:09.432838 Process Done...
2023-04-27 18:23:10.678357 Remaining  Balance USDT:: 6028.16676167
